{"D:\\Proyectos\\Node\\pedidos-mongo2\\src\\app.js": {"path":"D:\\Proyectos\\Node\\pedidos-mongo2\\src\\app.js","statementMap":{"0":{"start":{"line":10,"column":0},"end":{"line":18,"column":1}},"1":{"start":{"line":11,"column":2},"end":{"line":11,"column":33}},"2":{"start":{"line":13,"column":5},"end":{"line":18,"column":1}},"3":{"start":{"line":14,"column":2},"end":{"line":14,"column":45}},"4":{"start":{"line":17,"column":2},"end":{"line":17,"column":41}},"5":{"start":{"line":20,"column":12},"end":{"line":20,"column":21}},"6":{"start":{"line":22,"column":0},"end":{"line":22,"column":23}},"7":{"start":{"line":23,"column":0},"end":{"line":23,"column":22}},"8":{"start":{"line":25,"column":0},"end":{"line":25,"column":30}},"9":{"start":{"line":27,"column":0},"end":{"line":27,"column":35}},"10":{"start":{"line":28,"column":0},"end":{"line":28,"column":43}},"11":{"start":{"line":29,"column":0},"end":{"line":29,"column":49}},"12":{"start":{"line":30,"column":0},"end":{"line":30,"column":17}},"13":{"start":{"line":31,"column":0},"end":{"line":31,"column":21}}},"fnMap":{},"branchMap":{"0":{"loc":{"start":{"line":10,"column":0},"end":{"line":18,"column":1}},"type":"if","locations":[{"start":{"line":10,"column":0},"end":{"line":18,"column":1}},{"start":{"line":13,"column":5},"end":{"line":18,"column":1}}],"line":10},"1":{"loc":{"start":{"line":13,"column":5},"end":{"line":18,"column":1}},"type":"if","locations":[{"start":{"line":13,"column":5},"end":{"line":18,"column":1}},{"start":{"line":16,"column":5},"end":{"line":18,"column":1}}],"line":13}},"s":{"0":1,"1":0,"2":1,"3":0,"4":1,"5":1,"6":1,"7":1,"8":1,"9":1,"10":1,"11":1,"12":1,"13":1},"f":{},"b":{"0":[0,1],"1":[0,1]},"inputSourceMap":null,"_coverageSchema":"1a1c01bbd47fc00a2c39e90264f33305004495a9","hash":"ca6463afcc380456bbec1964a847ddf68ee02e8f"}
,"D:\\Proyectos\\Node\\pedidos-mongo2\\src\\server.js": {"path":"D:\\Proyectos\\Node\\pedidos-mongo2\\src\\server.js","statementMap":{"0":{"start":{"line":5,"column":0},"end":{"line":13,"column":1}},"1":{"start":{"line":6,"column":2},"end":{"line":6,"column":33}},"2":{"start":{"line":8,"column":5},"end":{"line":13,"column":1}},"3":{"start":{"line":9,"column":2},"end":{"line":9,"column":45}},"4":{"start":{"line":12,"column":2},"end":{"line":12,"column":41}},"5":{"start":{"line":15,"column":13},"end":{"line":15,"column":37}},"6":{"start":{"line":17,"column":15},"end":{"line":21,"column":2}},"7":{"start":{"line":18,"column":2},"end":{"line":18,"column":85}},"8":{"start":{"line":19,"column":2},"end":{"line":19,"column":35}},"9":{"start":{"line":20,"column":2},"end":{"line":20,"column":37}}},"fnMap":{"0":{"name":"(anonymous_0)","decl":{"start":{"line":17,"column":32},"end":{"line":17,"column":33}},"loc":{"start":{"line":17,"column":38},"end":{"line":21,"column":1}},"line":17}},"branchMap":{"0":{"loc":{"start":{"line":5,"column":0},"end":{"line":13,"column":1}},"type":"if","locations":[{"start":{"line":5,"column":0},"end":{"line":13,"column":1}},{"start":{"line":8,"column":5},"end":{"line":13,"column":1}}],"line":5},"1":{"loc":{"start":{"line":8,"column":5},"end":{"line":13,"column":1}},"type":"if","locations":[{"start":{"line":8,"column":5},"end":{"line":13,"column":1}},{"start":{"line":11,"column":5},"end":{"line":13,"column":1}}],"line":8},"2":{"loc":{"start":{"line":15,"column":13},"end":{"line":15,"column":37}},"type":"binary-expr","locations":[{"start":{"line":15,"column":13},"end":{"line":15,"column":29}},{"start":{"line":15,"column":33},"end":{"line":15,"column":37}}],"line":15}},"s":{"0":1,"1":0,"2":1,"3":0,"4":1,"5":1,"6":1,"7":1,"8":1,"9":1},"f":{"0":1},"b":{"0":[0,1],"1":[0,1],"2":[1,1]},"inputSourceMap":null,"_coverageSchema":"1a1c01bbd47fc00a2c39e90264f33305004495a9","hash":"3527f43121bea46b66b527c7f5a53301fb691d69"}
,"D:\\Proyectos\\Node\\pedidos-mongo2\\src\\constants\\app-constants.js": {"path":"D:\\Proyectos\\Node\\pedidos-mongo2\\src\\constants\\app-constants.js","statementMap":{},"fnMap":{},"branchMap":{},"s":{},"f":{},"b":{},"inputSourceMap":null,"_coverageSchema":"1a1c01bbd47fc00a2c39e90264f33305004495a9","hash":"935d6f9fdb28a0cf85da1798c11b610646400b73"}
,"D:\\Proyectos\\Node\\pedidos-mongo2\\src\\controllers\\auth.controller.js": {"path":"D:\\Proyectos\\Node\\pedidos-mongo2\\src\\controllers\\auth.controller.js","statementMap":{"0":{"start":{"line":8,"column":17},"end":{"line":27,"column":1}},"1":{"start":{"line":9,"column":41},"end":{"line":9,"column":49}},"2":{"start":{"line":11,"column":2},"end":{"line":13,"column":3}},"3":{"start":{"line":12,"column":4},"end":{"line":12,"column":62}},"4":{"start":{"line":15,"column":18},"end":{"line":15,"column":70}},"5":{"start":{"line":16,"column":16},"end":{"line":16,"column":35}},"6":{"start":{"line":18,"column":2},"end":{"line":26,"column":4}},"7":{"start":{"line":29,"column":14},"end":{"line":58,"column":1}},"8":{"start":{"line":30,"column":28},"end":{"line":30,"column":36}},"9":{"start":{"line":32,"column":2},"end":{"line":34,"column":3}},"10":{"start":{"line":33,"column":4},"end":{"line":33,"column":68}},"11":{"start":{"line":36,"column":18},"end":{"line":36,"column":68}},"12":{"start":{"line":38,"column":2},"end":{"line":40,"column":3}},"13":{"start":{"line":39,"column":4},"end":{"line":39,"column":68}},"14":{"start":{"line":42,"column":25},"end":{"line":42,"column":64}},"15":{"start":{"line":44,"column":2},"end":{"line":46,"column":3}},"16":{"start":{"line":45,"column":4},"end":{"line":45,"column":68}},"17":{"start":{"line":48,"column":16},"end":{"line":48,"column":35}},"18":{"start":{"line":50,"column":2},"end":{"line":57,"column":4}}},"fnMap":{"0":{"name":"(anonymous_0)","decl":{"start":{"line":8,"column":17},"end":{"line":8,"column":18}},"loc":{"start":{"line":8,"column":37},"end":{"line":27,"column":1}},"line":8},"1":{"name":"(anonymous_1)","decl":{"start":{"line":29,"column":14},"end":{"line":29,"column":15}},"loc":{"start":{"line":29,"column":34},"end":{"line":58,"column":1}},"line":29}},"branchMap":{"0":{"loc":{"start":{"line":11,"column":2},"end":{"line":13,"column":3}},"type":"if","locations":[{"start":{"line":11,"column":2},"end":{"line":13,"column":3}},{"start":{},"end":{}}],"line":11},"1":{"loc":{"start":{"line":11,"column":6},"end":{"line":11,"column":36}},"type":"binary-expr","locations":[{"start":{"line":11,"column":6},"end":{"line":11,"column":13}},{"start":{"line":11,"column":17},"end":{"line":11,"column":23}},{"start":{"line":11,"column":27},"end":{"line":11,"column":36}}],"line":11},"2":{"loc":{"start":{"line":32,"column":2},"end":{"line":34,"column":3}},"type":"if","locations":[{"start":{"line":32,"column":2},"end":{"line":34,"column":3}},{"start":{},"end":{}}],"line":32},"3":{"loc":{"start":{"line":32,"column":6},"end":{"line":32,"column":25}},"type":"binary-expr","locations":[{"start":{"line":32,"column":6},"end":{"line":32,"column":12}},{"start":{"line":32,"column":16},"end":{"line":32,"column":25}}],"line":32},"4":{"loc":{"start":{"line":38,"column":2},"end":{"line":40,"column":3}},"type":"if","locations":[{"start":{"line":38,"column":2},"end":{"line":40,"column":3}},{"start":{},"end":{}}],"line":38},"5":{"loc":{"start":{"line":44,"column":2},"end":{"line":46,"column":3}},"type":"if","locations":[{"start":{"line":44,"column":2},"end":{"line":46,"column":3}},{"start":{},"end":{}}],"line":44}},"s":{"0":1,"1":0,"2":0,"3":0,"4":0,"5":0,"6":0,"7":1,"8":0,"9":0,"10":0,"11":0,"12":0,"13":0,"14":0,"15":0,"16":0,"17":0,"18":0},"f":{"0":0,"1":0},"b":{"0":[0,0],"1":[0,0,0],"2":[0,0],"3":[0,0],"4":[0,0],"5":[0,0]},"inputSourceMap":null,"_coverageSchema":"1a1c01bbd47fc00a2c39e90264f33305004495a9","hash":"9b462ea07a3a118602cf6514940230b03799a7ed"}
,"D:\\Proyectos\\Node\\pedidos-mongo2\\src\\controllers\\clientes.controller.js": {"path":"D:\\Proyectos\\Node\\pedidos-mongo2\\src\\controllers\\clientes.controller.js","statementMap":{"0":{"start":{"line":9,"column":24},"end":{"line":22,"column":1}},"1":{"start":{"line":10,"column":19},"end":{"line":13,"column":15}},"2":{"start":{"line":15,"column":19},"end":{"line":15,"column":39}},"3":{"start":{"line":17,"column":2},"end":{"line":21,"column":4}},"4":{"start":{"line":24,"column":23},"end":{"line":34,"column":1}},"5":{"start":{"line":25,"column":15},"end":{"line":25,"column":25}},"6":{"start":{"line":27,"column":18},"end":{"line":27,"column":57}},"7":{"start":{"line":28,"column":2},"end":{"line":28,"column":25}},"8":{"start":{"line":30,"column":2},"end":{"line":33,"column":4}},"9":{"start":{"line":36,"column":25},"end":{"line":46,"column":1}},"10":{"start":{"line":37,"column":19},"end":{"line":37,"column":27}},"11":{"start":{"line":39,"column":18},"end":{"line":39,"column":63}},"12":{"start":{"line":41,"column":2},"end":{"line":45,"column":4}},"13":{"start":{"line":48,"column":26},"end":{"line":59,"column":1}},"14":{"start":{"line":49,"column":15},"end":{"line":49,"column":25}},"15":{"start":{"line":50,"column":19},"end":{"line":50,"column":27}},"16":{"start":{"line":52,"column":18},"end":{"line":52,"column":68}},"17":{"start":{"line":54,"column":2},"end":{"line":58,"column":4}},"18":{"start":{"line":61,"column":23},"end":{"line":68,"column":1}},"19":{"start":{"line":62,"column":16},"end":{"line":62,"column":53}},"20":{"start":{"line":64,"column":2},"end":{"line":67,"column":4}}},"fnMap":{"0":{"name":"(anonymous_0)","decl":{"start":{"line":9,"column":24},"end":{"line":9,"column":25}},"loc":{"start":{"line":9,"column":44},"end":{"line":22,"column":1}},"line":9},"1":{"name":"(anonymous_1)","decl":{"start":{"line":24,"column":23},"end":{"line":24,"column":24}},"loc":{"start":{"line":24,"column":43},"end":{"line":34,"column":1}},"line":24},"2":{"name":"(anonymous_2)","decl":{"start":{"line":36,"column":25},"end":{"line":36,"column":26}},"loc":{"start":{"line":36,"column":45},"end":{"line":46,"column":1}},"line":36},"3":{"name":"(anonymous_3)","decl":{"start":{"line":48,"column":26},"end":{"line":48,"column":27}},"loc":{"start":{"line":48,"column":46},"end":{"line":59,"column":1}},"line":48},"4":{"name":"(anonymous_4)","decl":{"start":{"line":61,"column":23},"end":{"line":61,"column":24}},"loc":{"start":{"line":61,"column":43},"end":{"line":68,"column":1}},"line":61}},"branchMap":{},"s":{"0":1,"1":1,"2":1,"3":1,"4":1,"5":2,"6":2,"7":1,"8":1,"9":1,"10":6,"11":6,"12":1,"13":1,"14":4,"15":4,"16":4,"17":1,"18":1,"19":1,"20":1},"f":{"0":1,"1":2,"2":6,"3":4,"4":1},"b":{},"inputSourceMap":null,"_coverageSchema":"1a1c01bbd47fc00a2c39e90264f33305004495a9","hash":"cd7e2e8dc179436189c07275899665082702c989"}
,"D:\\Proyectos\\Node\\pedidos-mongo2\\src\\controllers\\proveedores.controller.js": {"path":"D:\\Proyectos\\Node\\pedidos-mongo2\\src\\controllers\\proveedores.controller.js","statementMap":{"0":{"start":{"line":8,"column":27},"end":{"line":21,"column":1}},"1":{"start":{"line":9,"column":19},"end":{"line":12,"column":15}},"2":{"start":{"line":14,"column":22},"end":{"line":14,"column":42}},"3":{"start":{"line":16,"column":2},"end":{"line":20,"column":4}},"4":{"start":{"line":23,"column":25},"end":{"line":37,"column":1}},"5":{"start":{"line":24,"column":15},"end":{"line":24,"column":25}},"6":{"start":{"line":25,"column":20},"end":{"line":25,"column":48}},"7":{"start":{"line":27,"column":2},"end":{"line":29,"column":3}},"8":{"start":{"line":28,"column":4},"end":{"line":28,"column":58}},"9":{"start":{"line":31,"column":2},"end":{"line":31,"column":27}},"10":{"start":{"line":33,"column":2},"end":{"line":36,"column":4}},"11":{"start":{"line":39,"column":27},"end":{"line":59,"column":1}},"12":{"start":{"line":40,"column":19},"end":{"line":40,"column":27}},"13":{"start":{"line":42,"column":2},"end":{"line":44,"column":3}},"14":{"start":{"line":43,"column":4},"end":{"line":43,"column":55}},"15":{"start":{"line":46,"column":26},"end":{"line":46,"column":95}},"16":{"start":{"line":48,"column":2},"end":{"line":50,"column":3}},"17":{"start":{"line":49,"column":4},"end":{"line":49,"column":58}},"18":{"start":{"line":52,"column":21},"end":{"line":52,"column":53}},"19":{"start":{"line":54,"column":2},"end":{"line":58,"column":4}},"20":{"start":{"line":61,"column":28},"end":{"line":93,"column":1}},"21":{"start":{"line":62,"column":15},"end":{"line":62,"column":25}},"22":{"start":{"line":63,"column":19},"end":{"line":63,"column":27}},"23":{"start":{"line":65,"column":2},"end":{"line":67,"column":3}},"24":{"start":{"line":66,"column":4},"end":{"line":66,"column":55}},"25":{"start":{"line":69,"column":18},"end":{"line":69,"column":46}},"26":{"start":{"line":71,"column":2},"end":{"line":73,"column":3}},"27":{"start":{"line":72,"column":4},"end":{"line":72,"column":60}},"28":{"start":{"line":75,"column":26},"end":{"line":75,"column":95}},"29":{"start":{"line":77,"column":2},"end":{"line":79,"column":3}},"30":{"start":{"line":78,"column":4},"end":{"line":78,"column":58}},"31":{"start":{"line":81,"column":2},"end":{"line":84,"column":4}},"32":{"start":{"line":86,"column":2},"end":{"line":86,"column":27}},"33":{"start":{"line":88,"column":2},"end":{"line":92,"column":4}},"34":{"start":{"line":95,"column":26},"end":{"line":102,"column":1}},"35":{"start":{"line":96,"column":16},"end":{"line":96,"column":48}},"36":{"start":{"line":98,"column":2},"end":{"line":101,"column":4}}},"fnMap":{"0":{"name":"(anonymous_0)","decl":{"start":{"line":8,"column":27},"end":{"line":8,"column":28}},"loc":{"start":{"line":8,"column":47},"end":{"line":21,"column":1}},"line":8},"1":{"name":"(anonymous_1)","decl":{"start":{"line":23,"column":25},"end":{"line":23,"column":26}},"loc":{"start":{"line":23,"column":45},"end":{"line":37,"column":1}},"line":23},"2":{"name":"(anonymous_2)","decl":{"start":{"line":39,"column":27},"end":{"line":39,"column":28}},"loc":{"start":{"line":39,"column":47},"end":{"line":59,"column":1}},"line":39},"3":{"name":"(anonymous_3)","decl":{"start":{"line":61,"column":28},"end":{"line":61,"column":29}},"loc":{"start":{"line":61,"column":48},"end":{"line":93,"column":1}},"line":61},"4":{"name":"(anonymous_4)","decl":{"start":{"line":95,"column":26},"end":{"line":95,"column":27}},"loc":{"start":{"line":95,"column":46},"end":{"line":102,"column":1}},"line":95}},"branchMap":{"0":{"loc":{"start":{"line":27,"column":2},"end":{"line":29,"column":3}},"type":"if","locations":[{"start":{"line":27,"column":2},"end":{"line":29,"column":3}},{"start":{},"end":{}}],"line":27},"1":{"loc":{"start":{"line":42,"column":2},"end":{"line":44,"column":3}},"type":"if","locations":[{"start":{"line":42,"column":2},"end":{"line":44,"column":3}},{"start":{},"end":{}}],"line":42},"2":{"loc":{"start":{"line":48,"column":2},"end":{"line":50,"column":3}},"type":"if","locations":[{"start":{"line":48,"column":2},"end":{"line":50,"column":3}},{"start":{},"end":{}}],"line":48},"3":{"loc":{"start":{"line":65,"column":2},"end":{"line":67,"column":3}},"type":"if","locations":[{"start":{"line":65,"column":2},"end":{"line":67,"column":3}},{"start":{},"end":{}}],"line":65},"4":{"loc":{"start":{"line":71,"column":2},"end":{"line":73,"column":3}},"type":"if","locations":[{"start":{"line":71,"column":2},"end":{"line":73,"column":3}},{"start":{},"end":{}}],"line":71},"5":{"loc":{"start":{"line":77,"column":2},"end":{"line":79,"column":3}},"type":"if","locations":[{"start":{"line":77,"column":2},"end":{"line":79,"column":3}},{"start":{},"end":{}}],"line":77}},"s":{"0":1,"1":0,"2":0,"3":0,"4":1,"5":0,"6":0,"7":0,"8":0,"9":0,"10":0,"11":1,"12":0,"13":0,"14":0,"15":0,"16":0,"17":0,"18":0,"19":0,"20":1,"21":0,"22":0,"23":0,"24":0,"25":0,"26":0,"27":0,"28":0,"29":0,"30":0,"31":0,"32":0,"33":0,"34":1,"35":0,"36":0},"f":{"0":0,"1":0,"2":0,"3":0,"4":0},"b":{"0":[0,0],"1":[0,0],"2":[0,0],"3":[0,0],"4":[0,0],"5":[0,0]},"inputSourceMap":null,"_coverageSchema":"1a1c01bbd47fc00a2c39e90264f33305004495a9","hash":"630aa3ca4b8fa396b5badc6f187193fc33ca6e10"}
,"D:\\Proyectos\\Node\\pedidos-mongo2\\src\\db\\connect.js": {"path":"D:\\Proyectos\\Node\\pedidos-mongo2\\src\\db\\connect.js","statementMap":{"0":{"start":{"line":3,"column":16},"end":{"line":5,"column":1}},"1":{"start":{"line":4,"column":2},"end":{"line":4,"column":30}}},"fnMap":{"0":{"name":"(anonymous_0)","decl":{"start":{"line":3,"column":16},"end":{"line":3,"column":17}},"loc":{"start":{"line":3,"column":25},"end":{"line":5,"column":1}},"line":3}},"branchMap":{},"s":{"0":1,"1":1},"f":{"0":1},"b":{},"inputSourceMap":null,"_coverageSchema":"1a1c01bbd47fc00a2c39e90264f33305004495a9","hash":"0f088504a043259c16d649e97616109b4ddcfc1b"}
,"D:\\Proyectos\\Node\\pedidos-mongo2\\src\\errors\\bad-request.js": {"path":"D:\\Proyectos\\Node\\pedidos-mongo2\\src\\errors\\bad-request.js","statementMap":{"0":{"start":{"line":5,"column":2},"end":{"line":5,"column":16}},"1":{"start":{"line":6,"column":2},"end":{"line":6,"column":43}}},"fnMap":{"0":{"name":"(anonymous_0)","decl":{"start":{"line":4,"column":2},"end":{"line":4,"column":3}},"loc":{"start":{"line":4,"column":23},"end":{"line":7,"column":3}},"line":4}},"branchMap":{},"s":{"0":4,"1":4},"f":{"0":4},"b":{},"inputSourceMap":null,"_coverageSchema":"1a1c01bbd47fc00a2c39e90264f33305004495a9","hash":"ea08e61fd93fe15098f9785eb821f5ba407107e9"}
,"D:\\Proyectos\\Node\\pedidos-mongo2\\src\\errors\\index.js": {"path":"D:\\Proyectos\\Node\\pedidos-mongo2\\src\\errors\\index.js","statementMap":{},"fnMap":{},"branchMap":{},"s":{},"f":{},"b":{},"inputSourceMap":null,"_coverageSchema":"1a1c01bbd47fc00a2c39e90264f33305004495a9","hash":"79aa87e62c67cebc67c8a3d68855ba673959428f"}
,"D:\\Proyectos\\Node\\pedidos-mongo2\\src\\errors\\not-found.js": {"path":"D:\\Proyectos\\Node\\pedidos-mongo2\\src\\errors\\not-found.js","statementMap":{"0":{"start":{"line":5,"column":2},"end":{"line":5,"column":16}},"1":{"start":{"line":6,"column":2},"end":{"line":6,"column":41}}},"fnMap":{"0":{"name":"(anonymous_0)","decl":{"start":{"line":4,"column":2},"end":{"line":4,"column":3}},"loc":{"start":{"line":4,"column":23},"end":{"line":7,"column":3}},"line":4}},"branchMap":{},"s":{"0":1,"1":1},"f":{"0":1},"b":{},"inputSourceMap":null,"_coverageSchema":"1a1c01bbd47fc00a2c39e90264f33305004495a9","hash":"e88f69df1e00fd0d6d64c4d55a9a9c854020f126"}
,"D:\\Proyectos\\Node\\pedidos-mongo2\\src\\errors\\unAuthenticated.js": {"path":"D:\\Proyectos\\Node\\pedidos-mongo2\\src\\errors\\unAuthenticated.js","statementMap":{"0":{"start":{"line":5,"column":2},"end":{"line":5,"column":16}},"1":{"start":{"line":6,"column":2},"end":{"line":6,"column":44}}},"fnMap":{"0":{"name":"(anonymous_0)","decl":{"start":{"line":4,"column":2},"end":{"line":4,"column":3}},"loc":{"start":{"line":4,"column":23},"end":{"line":7,"column":3}},"line":4}},"branchMap":{},"s":{"0":0,"1":0},"f":{"0":0},"b":{},"inputSourceMap":null,"_coverageSchema":"1a1c01bbd47fc00a2c39e90264f33305004495a9","hash":"af3e06cd877bec8d80d90385f118323fa74a9cb3"}
,"D:\\Proyectos\\Node\\pedidos-mongo2\\src\\messages\\clientes.message.js": {"path":"D:\\Proyectos\\Node\\pedidos-mongo2\\src\\messages\\clientes.message.js","statementMap":{},"fnMap":{},"branchMap":{},"s":{},"f":{},"b":{},"inputSourceMap":null,"_coverageSchema":"1a1c01bbd47fc00a2c39e90264f33305004495a9","hash":"c30507912e889e57dc292c7a985f36aeb8290301"}
,"D:\\Proyectos\\Node\\pedidos-mongo2\\src\\messages\\proveedores.message.js": {"path":"D:\\Proyectos\\Node\\pedidos-mongo2\\src\\messages\\proveedores.message.js","statementMap":{},"fnMap":{},"branchMap":{},"s":{},"f":{},"b":{},"inputSourceMap":null,"_coverageSchema":"1a1c01bbd47fc00a2c39e90264f33305004495a9","hash":"b679dd30f0ff1ea7cbbc09c2f34a2230a2599aae"}
,"D:\\Proyectos\\Node\\pedidos-mongo2\\src\\messages\\usuarios.message.js": {"path":"D:\\Proyectos\\Node\\pedidos-mongo2\\src\\messages\\usuarios.message.js","statementMap":{},"fnMap":{},"branchMap":{},"s":{},"f":{},"b":{},"inputSourceMap":null,"_coverageSchema":"1a1c01bbd47fc00a2c39e90264f33305004495a9","hash":"d642eda1115450e53a086e1a520753a9b1161497"}
,"D:\\Proyectos\\Node\\pedidos-mongo2\\src\\middlewares\\error-handler.js": {"path":"D:\\Proyectos\\Node\\pedidos-mongo2\\src\\middlewares\\error-handler.js","statementMap":{"0":{"start":{"line":4,"column":21},"end":{"line":29,"column":1}},"1":{"start":{"line":5,"column":16},"end":{"line":8,"column":3}},"2":{"start":{"line":10,"column":2},"end":{"line":13,"column":3}},"3":{"start":{"line":11,"column":4},"end":{"line":12,"column":83}},"4":{"start":{"line":12,"column":60},"end":{"line":12,"column":72}},"5":{"start":{"line":15,"column":2},"end":{"line":18,"column":3}},"6":{"start":{"line":16,"column":4},"end":{"line":16,"column":71}},"7":{"start":{"line":17,"column":4},"end":{"line":17,"column":46}},"8":{"start":{"line":20,"column":2},"end":{"line":23,"column":3}},"9":{"start":{"line":21,"column":4},"end":{"line":22,"column":88}},"10":{"start":{"line":25,"column":2},"end":{"line":28,"column":4}}},"fnMap":{"0":{"name":"(anonymous_0)","decl":{"start":{"line":4,"column":21},"end":{"line":4,"column":22}},"loc":{"start":{"line":4,"column":46},"end":{"line":29,"column":1}},"line":4},"1":{"name":"(anonymous_1)","decl":{"start":{"line":12,"column":50},"end":{"line":12,"column":51}},"loc":{"start":{"line":12,"column":60},"end":{"line":12,"column":72}},"line":12}},"branchMap":{"0":{"loc":{"start":{"line":6,"column":16},"end":{"line":6,"column":67}},"type":"binary-expr","locations":[{"start":{"line":6,"column":16},"end":{"line":6,"column":30}},{"start":{"line":6,"column":34},"end":{"line":6,"column":67}}],"line":6},"1":{"loc":{"start":{"line":7,"column":13},"end":{"line":7,"column":41}},"type":"binary-expr","locations":[{"start":{"line":7,"column":13},"end":{"line":7,"column":24}},{"start":{"line":7,"column":28},"end":{"line":7,"column":41}}],"line":7},"2":{"loc":{"start":{"line":10,"column":2},"end":{"line":13,"column":3}},"type":"if","locations":[{"start":{"line":10,"column":2},"end":{"line":13,"column":3}},{"start":{},"end":{}}],"line":10},"3":{"loc":{"start":{"line":15,"column":2},"end":{"line":18,"column":3}},"type":"if","locations":[{"start":{"line":15,"column":2},"end":{"line":18,"column":3}},{"start":{},"end":{}}],"line":15},"4":{"loc":{"start":{"line":20,"column":2},"end":{"line":23,"column":3}},"type":"if","locations":[{"start":{"line":20,"column":2},"end":{"line":23,"column":3}},{"start":{},"end":{}}],"line":20},"5":{"loc":{"start":{"line":20,"column":6},"end":{"line":20,"column":36}},"type":"binary-expr","locations":[{"start":{"line":20,"column":6},"end":{"line":20,"column":14}},{"start":{"line":20,"column":18},"end":{"line":20,"column":36}}],"line":20}},"s":{"0":1,"1":9,"2":9,"3":4,"4":4,"5":9,"6":0,"7":0,"8":9,"9":0,"10":9},"f":{"0":9,"1":4},"b":{"0":[9,4],"1":[9,0],"2":[4,5],"3":[0,9],"4":[0,9],"5":[9,0]},"inputSourceMap":null,"_coverageSchema":"1a1c01bbd47fc00a2c39e90264f33305004495a9","hash":"df67def0fe849189128b04435ec7579c76d44a84"}
,"D:\\Proyectos\\Node\\pedidos-mongo2\\src\\middlewares\\index.js": {"path":"D:\\Proyectos\\Node\\pedidos-mongo2\\src\\middlewares\\index.js","statementMap":{},"fnMap":{},"branchMap":{},"s":{},"f":{},"b":{},"inputSourceMap":null,"_coverageSchema":"1a1c01bbd47fc00a2c39e90264f33305004495a9","hash":"a002da03e05d7b2d592a3aa4b68fb34dd5c1dbf9"}
,"D:\\Proyectos\\Node\\pedidos-mongo2\\src\\middlewares\\isAuth.js": {"path":"D:\\Proyectos\\Node\\pedidos-mongo2\\src\\middlewares\\isAuth.js","statementMap":{"0":{"start":{"line":5,"column":15},"end":{"line":21,"column":1}},"1":{"start":{"line":6,"column":21},"end":{"line":6,"column":46}},"2":{"start":{"line":8,"column":2},"end":{"line":10,"column":3}},"3":{"start":{"line":9,"column":4},"end":{"line":9,"column":68}},"4":{"start":{"line":12,"column":16},"end":{"line":12,"column":40}},"5":{"start":{"line":14,"column":2},"end":{"line":20,"column":3}},"6":{"start":{"line":15,"column":19},"end":{"line":15,"column":60}},"7":{"start":{"line":16,"column":3},"end":{"line":16,"column":24}},"8":{"start":{"line":17,"column":3},"end":{"line":17,"column":9}},"9":{"start":{"line":19,"column":4},"end":{"line":19,"column":68}}},"fnMap":{"0":{"name":"(anonymous_0)","decl":{"start":{"line":5,"column":15},"end":{"line":5,"column":16}},"loc":{"start":{"line":5,"column":35},"end":{"line":21,"column":1}},"line":5}},"branchMap":{"0":{"loc":{"start":{"line":8,"column":2},"end":{"line":10,"column":3}},"type":"if","locations":[{"start":{"line":8,"column":2},"end":{"line":10,"column":3}},{"start":{},"end":{}}],"line":8},"1":{"loc":{"start":{"line":8,"column":6},"end":{"line":8,"column":53}},"type":"binary-expr","locations":[{"start":{"line":8,"column":6},"end":{"line":8,"column":17}},{"start":{"line":8,"column":21},"end":{"line":8,"column":53}}],"line":8}},"s":{"0":1,"1":0,"2":0,"3":0,"4":0,"5":0,"6":0,"7":0,"8":0,"9":0},"f":{"0":0},"b":{"0":[0,0],"1":[0,0]},"inputSourceMap":null,"_coverageSchema":"1a1c01bbd47fc00a2c39e90264f33305004495a9","hash":"cba96a49db83f5f5b56d6b80f6bc7b883cd44c48"}
,"D:\\Proyectos\\Node\\pedidos-mongo2\\src\\middlewares\\not-found.js": {"path":"D:\\Proyectos\\Node\\pedidos-mongo2\\src\\middlewares\\not-found.js","statementMap":{"0":{"start":{"line":3,"column":17},"end":{"line":6,"column":2}},"1":{"start":{"line":3,"column":31},"end":{"line":6,"column":2}}},"fnMap":{"0":{"name":"(anonymous_0)","decl":{"start":{"line":3,"column":17},"end":{"line":3,"column":18}},"loc":{"start":{"line":3,"column":31},"end":{"line":6,"column":2}},"line":3}},"branchMap":{},"s":{"0":1,"1":0},"f":{"0":0},"b":{},"inputSourceMap":null,"_coverageSchema":"1a1c01bbd47fc00a2c39e90264f33305004495a9","hash":"1de849e9c9d21a011ecd9f50d18710f16d7e7cb8"}
,"D:\\Proyectos\\Node\\pedidos-mongo2\\src\\models\\cliente.model.js": {"path":"D:\\Proyectos\\Node\\pedidos-mongo2\\src\\models\\cliente.model.js","statementMap":{"0":{"start":{"line":4,"column":22},"end":{"line":14,"column":2}}},"fnMap":{},"branchMap":{},"s":{"0":1},"f":{},"b":{},"inputSourceMap":null,"_coverageSchema":"1a1c01bbd47fc00a2c39e90264f33305004495a9","hash":"ca750a72eb8488acd07de7e979e70aaeb49886f2"}
,"D:\\Proyectos\\Node\\pedidos-mongo2\\src\\models\\proveedor.model.js": {"path":"D:\\Proyectos\\Node\\pedidos-mongo2\\src\\models\\proveedor.model.js","statementMap":{"0":{"start":{"line":4,"column":24},"end":{"line":14,"column":2}}},"fnMap":{},"branchMap":{},"s":{"0":1},"f":{},"b":{},"inputSourceMap":null,"_coverageSchema":"1a1c01bbd47fc00a2c39e90264f33305004495a9","hash":"929220e63a80e5538306f5c6e18539c5d80b4489"}
,"D:\\Proyectos\\Node\\pedidos-mongo2\\src\\models\\usuario.model.js": {"path":"D:\\Proyectos\\Node\\pedidos-mongo2\\src\\models\\usuario.model.js","statementMap":{"0":{"start":{"line":7,"column":22},"end":{"line":36,"column":2}},"1":{"start":{"line":38,"column":0},"end":{"line":41,"column":2}},"2":{"start":{"line":39,"column":15},"end":{"line":39,"column":39}},"3":{"start":{"line":40,"column":2},"end":{"line":40,"column":56}},"4":{"start":{"line":43,"column":0},"end":{"line":45,"column":1}},"5":{"start":{"line":44,"column":2},"end":{"line":44,"column":107}},"6":{"start":{"line":47,"column":0},"end":{"line":50,"column":1}},"7":{"start":{"line":48,"column":18},"end":{"line":48,"column":63}},"8":{"start":{"line":49,"column":2},"end":{"line":49,"column":16}}},"fnMap":{"0":{"name":"(anonymous_0)","decl":{"start":{"line":38,"column":26},"end":{"line":38,"column":27}},"loc":{"start":{"line":38,"column":44},"end":{"line":41,"column":1}},"line":38},"1":{"name":"(anonymous_1)","decl":{"start":{"line":43,"column":34},"end":{"line":43,"column":35}},"loc":{"start":{"line":43,"column":46},"end":{"line":45,"column":1}},"line":43},"2":{"name":"(anonymous_2)","decl":{"start":{"line":47,"column":40},"end":{"line":47,"column":41}},"loc":{"start":{"line":47,"column":66},"end":{"line":50,"column":1}},"line":47}},"branchMap":{},"s":{"0":1,"1":1,"2":0,"3":0,"4":1,"5":0,"6":1,"7":0,"8":0},"f":{"0":0,"1":0,"2":0},"b":{},"inputSourceMap":null,"_coverageSchema":"1a1c01bbd47fc00a2c39e90264f33305004495a9","hash":"3c121c37c7523990874e620ad13f616b32be92a6"}
,"D:\\Proyectos\\Node\\pedidos-mongo2\\src\\routes\\auth.routes.js": {"path":"D:\\Proyectos\\Node\\pedidos-mongo2\\src\\routes\\auth.routes.js","statementMap":{"0":{"start":{"line":4,"column":15},"end":{"line":4,"column":31}},"1":{"start":{"line":6,"column":0},"end":{"line":6,"column":51}},"2":{"start":{"line":7,"column":0},"end":{"line":7,"column":45}}},"fnMap":{},"branchMap":{},"s":{"0":1,"1":1,"2":1},"f":{},"b":{},"inputSourceMap":null,"_coverageSchema":"1a1c01bbd47fc00a2c39e90264f33305004495a9","hash":"be47798490aeb659b3e6153ecf52f5160173cbff"}
,"D:\\Proyectos\\Node\\pedidos-mongo2\\src\\routes\\clientes.routes.js": {"path":"D:\\Proyectos\\Node\\pedidos-mongo2\\src\\routes\\clientes.routes.js","statementMap":{"0":{"start":{"line":5,"column":15},"end":{"line":5,"column":31}},"1":{"start":{"line":7,"column":0},"end":{"line":7,"column":49}},"2":{"start":{"line":8,"column":0},"end":{"line":8,"column":53}},"3":{"start":{"line":9,"column":0},"end":{"line":9,"column":51}},"4":{"start":{"line":10,"column":0},"end":{"line":10,"column":51}},"5":{"start":{"line":11,"column":0},"end":{"line":11,"column":54}}},"fnMap":{},"branchMap":{},"s":{"0":1,"1":1,"2":1,"3":1,"4":1,"5":1},"f":{},"b":{},"inputSourceMap":null,"_coverageSchema":"1a1c01bbd47fc00a2c39e90264f33305004495a9","hash":"05eecdac9c0ecbc13d5882f36e9cf0754363cfb8"}
,"D:\\Proyectos\\Node\\pedidos-mongo2\\src\\routes\\proveedores.routes.js": {"path":"D:\\Proyectos\\Node\\pedidos-mongo2\\src\\routes\\proveedores.routes.js","statementMap":{"0":{"start":{"line":5,"column":15},"end":{"line":5,"column":31}},"1":{"start":{"line":7,"column":0},"end":{"line":7,"column":52}},"2":{"start":{"line":8,"column":0},"end":{"line":8,"column":56}},"3":{"start":{"line":9,"column":0},"end":{"line":9,"column":53}},"4":{"start":{"line":10,"column":0},"end":{"line":10,"column":53}},"5":{"start":{"line":11,"column":0},"end":{"line":11,"column":56}}},"fnMap":{},"branchMap":{},"s":{"0":1,"1":1,"2":1,"3":1,"4":1,"5":1},"f":{},"b":{},"inputSourceMap":null,"_coverageSchema":"1a1c01bbd47fc00a2c39e90264f33305004495a9","hash":"a8872f1a41f5b784488ee3ccf79087de8c29eac8"}
,"D:\\Proyectos\\Node\\pedidos-mongo2\\src\\services\\clientes.service.js": {"path":"D:\\Proyectos\\Node\\pedidos-mongo2\\src\\services\\clientes.service.js","statementMap":{"0":{"start":{"line":6,"column":23},"end":{"line":14,"column":1}},"1":{"start":{"line":7,"column":18},"end":{"line":7,"column":44}},"2":{"start":{"line":9,"column":2},"end":{"line":11,"column":3}},"3":{"start":{"line":10,"column":4},"end":{"line":10,"column":58}},"4":{"start":{"line":13,"column":2},"end":{"line":13,"column":16}},"5":{"start":{"line":16,"column":25},"end":{"line":30,"column":1}},"6":{"start":{"line":17,"column":2},"end":{"line":19,"column":3}},"7":{"start":{"line":18,"column":4},"end":{"line":18,"column":55}},"8":{"start":{"line":21,"column":24},"end":{"line":21,"column":91}},"9":{"start":{"line":23,"column":2},"end":{"line":25,"column":3}},"10":{"start":{"line":24,"column":4},"end":{"line":24,"column":56}},"11":{"start":{"line":27,"column":19},"end":{"line":27,"column":49}},"12":{"start":{"line":29,"column":2},"end":{"line":29,"column":16}},"13":{"start":{"line":32,"column":26},"end":{"line":56,"column":1}},"14":{"start":{"line":33,"column":2},"end":{"line":35,"column":3}},"15":{"start":{"line":34,"column":4},"end":{"line":34,"column":55}},"16":{"start":{"line":37,"column":16},"end":{"line":37,"column":42}},"17":{"start":{"line":39,"column":2},"end":{"line":41,"column":3}},"18":{"start":{"line":40,"column":4},"end":{"line":40,"column":58}},"19":{"start":{"line":43,"column":24},"end":{"line":43,"column":91}},"20":{"start":{"line":45,"column":2},"end":{"line":47,"column":3}},"21":{"start":{"line":46,"column":4},"end":{"line":46,"column":56}},"22":{"start":{"line":49,"column":2},"end":{"line":52,"column":4}},"23":{"start":{"line":54,"column":2},"end":{"line":54,"column":25}},"24":{"start":{"line":55,"column":2},"end":{"line":55,"column":16}},"25":{"start":{"line":58,"column":23},"end":{"line":61,"column":1}},"26":{"start":{"line":59,"column":16},"end":{"line":59,"column":40}},"27":{"start":{"line":60,"column":2},"end":{"line":60,"column":14}}},"fnMap":{"0":{"name":"(anonymous_0)","decl":{"start":{"line":6,"column":23},"end":{"line":6,"column":24}},"loc":{"start":{"line":6,"column":37},"end":{"line":14,"column":1}},"line":6},"1":{"name":"(anonymous_1)","decl":{"start":{"line":16,"column":25},"end":{"line":16,"column":26}},"loc":{"start":{"line":16,"column":43},"end":{"line":30,"column":1}},"line":16},"2":{"name":"(anonymous_2)","decl":{"start":{"line":32,"column":26},"end":{"line":32,"column":27}},"loc":{"start":{"line":32,"column":48},"end":{"line":56,"column":1}},"line":32},"3":{"name":"(anonymous_3)","decl":{"start":{"line":58,"column":23},"end":{"line":58,"column":24}},"loc":{"start":{"line":58,"column":35},"end":{"line":61,"column":1}},"line":58}},"branchMap":{"0":{"loc":{"start":{"line":9,"column":2},"end":{"line":11,"column":3}},"type":"if","locations":[{"start":{"line":9,"column":2},"end":{"line":11,"column":3}},{"start":{},"end":{}}],"line":9},"1":{"loc":{"start":{"line":17,"column":2},"end":{"line":19,"column":3}},"type":"if","locations":[{"start":{"line":17,"column":2},"end":{"line":19,"column":3}},{"start":{},"end":{}}],"line":17},"2":{"loc":{"start":{"line":23,"column":2},"end":{"line":25,"column":3}},"type":"if","locations":[{"start":{"line":23,"column":2},"end":{"line":25,"column":3}},{"start":{},"end":{}}],"line":23},"3":{"loc":{"start":{"line":33,"column":2},"end":{"line":35,"column":3}},"type":"if","locations":[{"start":{"line":33,"column":2},"end":{"line":35,"column":3}},{"start":{},"end":{}}],"line":33},"4":{"loc":{"start":{"line":39,"column":2},"end":{"line":41,"column":3}},"type":"if","locations":[{"start":{"line":39,"column":2},"end":{"line":41,"column":3}},{"start":{},"end":{}}],"line":39},"5":{"loc":{"start":{"line":45,"column":2},"end":{"line":47,"column":3}},"type":"if","locations":[{"start":{"line":45,"column":2},"end":{"line":47,"column":3}},{"start":{},"end":{}}],"line":45}},"s":{"0":1,"1":2,"2":2,"3":1,"4":1,"5":1,"6":6,"7":1,"8":5,"9":5,"10":2,"11":3,"12":1,"13":1,"14":4,"15":1,"16":3,"17":3,"18":0,"19":3,"20":3,"21":0,"22":3,"23":1,"24":1,"25":1,"26":1,"27":1},"f":{"0":2,"1":6,"2":4,"3":1},"b":{"0":[1,1],"1":[1,5],"2":[2,3],"3":[1,3],"4":[0,3],"5":[0,3]},"inputSourceMap":null,"_coverageSchema":"1a1c01bbd47fc00a2c39e90264f33305004495a9","hash":"99b7df60d314ea201425bef320f468fda9116d99"}
,"D:\\Proyectos\\Node\\pedidos-mongo2\\src\\utils\\Features.js": {"path":"D:\\Proyectos\\Node\\pedidos-mongo2\\src\\utils\\Features.js","statementMap":{"0":{"start":{"line":3,"column":4},"end":{"line":3,"column":22}},"1":{"start":{"line":4,"column":4},"end":{"line":4,"column":34}},"2":{"start":{"line":8,"column":21},"end":{"line":8,"column":44}},"3":{"start":{"line":9,"column":27},"end":{"line":9,"column":62}},"4":{"start":{"line":10,"column":4},"end":{"line":10,"column":54}},"5":{"start":{"line":10,"column":33},"end":{"line":10,"column":52}},"6":{"start":{"line":12,"column":19},"end":{"line":12,"column":43}},"7":{"start":{"line":13,"column":4},"end":{"line":13,"column":78}},"8":{"start":{"line":13,"column":65},"end":{"line":13,"column":76}},"9":{"start":{"line":15,"column":4},"end":{"line":15,"column":55}},"10":{"start":{"line":17,"column":4},"end":{"line":17,"column":16}},"11":{"start":{"line":21,"column":4},"end":{"line":26,"column":5}},"12":{"start":{"line":22,"column":21},"end":{"line":22,"column":63}},"13":{"start":{"line":23,"column":6},"end":{"line":23,"column":43}},"14":{"start":{"line":25,"column":6},"end":{"line":25,"column":49}},"15":{"start":{"line":28,"column":4},"end":{"line":28,"column":16}},"16":{"start":{"line":32,"column":4},"end":{"line":37,"column":5}},"17":{"start":{"line":33,"column":21},"end":{"line":33,"column":65}},"18":{"start":{"line":34,"column":6},"end":{"line":34,"column":45}},"19":{"start":{"line":36,"column":6},"end":{"line":36,"column":45}},"20":{"start":{"line":39,"column":4},"end":{"line":39,"column":16}},"21":{"start":{"line":43,"column":18},"end":{"line":43,"column":48}},"22":{"start":{"line":44,"column":18},"end":{"line":44,"column":53}},"23":{"start":{"line":45,"column":18},"end":{"line":45,"column":36}},"24":{"start":{"line":46,"column":4},"end":{"line":46,"column":52}},"25":{"start":{"line":48,"column":4},"end":{"line":48,"column":16}}},"fnMap":{"0":{"name":"(anonymous_0)","decl":{"start":{"line":2,"column":2},"end":{"line":2,"column":3}},"loc":{"start":{"line":2,"column":34},"end":{"line":5,"column":3}},"line":2},"1":{"name":"(anonymous_1)","decl":{"start":{"line":7,"column":2},"end":{"line":7,"column":3}},"loc":{"start":{"line":7,"column":11},"end":{"line":18,"column":3}},"line":7},"2":{"name":"(anonymous_2)","decl":{"start":{"line":10,"column":27},"end":{"line":10,"column":28}},"loc":{"start":{"line":10,"column":33},"end":{"line":10,"column":52}},"line":10},"3":{"name":"(anonymous_3)","decl":{"start":{"line":13,"column":56},"end":{"line":13,"column":57}},"loc":{"start":{"line":13,"column":65},"end":{"line":13,"column":76}},"line":13},"4":{"name":"(anonymous_4)","decl":{"start":{"line":20,"column":2},"end":{"line":20,"column":3}},"loc":{"start":{"line":20,"column":9},"end":{"line":29,"column":3}},"line":20},"5":{"name":"(anonymous_5)","decl":{"start":{"line":31,"column":2},"end":{"line":31,"column":3}},"loc":{"start":{"line":31,"column":16},"end":{"line":40,"column":3}},"line":31},"6":{"name":"(anonymous_6)","decl":{"start":{"line":42,"column":2},"end":{"line":42,"column":3}},"loc":{"start":{"line":42,"column":13},"end":{"line":49,"column":3}},"line":42}},"branchMap":{"0":{"loc":{"start":{"line":21,"column":4},"end":{"line":26,"column":5}},"type":"if","locations":[{"start":{"line":21,"column":4},"end":{"line":26,"column":5}},{"start":{"line":24,"column":11},"end":{"line":26,"column":5}}],"line":21},"1":{"loc":{"start":{"line":32,"column":4},"end":{"line":37,"column":5}},"type":"if","locations":[{"start":{"line":32,"column":4},"end":{"line":37,"column":5}},{"start":{"line":35,"column":11},"end":{"line":37,"column":5}}],"line":32},"2":{"loc":{"start":{"line":43,"column":18},"end":{"line":43,"column":48}},"type":"binary-expr","locations":[{"start":{"line":43,"column":18},"end":{"line":43,"column":43}},{"start":{"line":43,"column":47},"end":{"line":43,"column":48}}],"line":43},"3":{"loc":{"start":{"line":44,"column":18},"end":{"line":44,"column":53}},"type":"binary-expr","locations":[{"start":{"line":44,"column":18},"end":{"line":44,"column":44}},{"start":{"line":44,"column":48},"end":{"line":44,"column":53}}],"line":44}},"s":{"0":1,"1":1,"2":1,"3":1,"4":1,"5":4,"6":1,"7":1,"8":0,"9":1,"10":1,"11":1,"12":0,"13":0,"14":1,"15":1,"16":0,"17":0,"18":0,"19":0,"20":0,"21":1,"22":1,"23":1,"24":1,"25":1},"f":{"0":1,"1":1,"2":4,"3":0,"4":1,"5":0,"6":1},"b":{"0":[0,1],"1":[0,0],"2":[1,1],"3":[1,1]},"inputSourceMap":null,"_coverageSchema":"1a1c01bbd47fc00a2c39e90264f33305004495a9","hash":"2116f15c747d1bb3cb583605a633176725a4ecf3"}
}
