TN:
SF:src\app.js
FNF:0
FNH:0
DA:10,1
DA:11,0
DA:13,1
DA:14,0
DA:17,1
DA:20,1
DA:22,1
DA:23,1
DA:25,1
DA:27,1
DA:28,1
DA:29,1
DA:30,1
DA:31,1
LF:14
LH:12
BRDA:10,0,0,0
BRDA:10,0,1,1
BRDA:13,1,0,0
BRDA:13,1,1,1
BRF:4
BRH:2
end_of_record
TN:
SF:src\server.js
FN:17,(anonymous_0)
FNF:1
FNH:1
FNDA:1,(anonymous_0)
DA:5,1
DA:6,0
DA:8,1
DA:9,0
DA:12,1
DA:15,1
DA:17,1
DA:18,1
DA:19,1
DA:20,1
LF:10
LH:8
BRDA:5,0,0,0
BRDA:5,0,1,1
BRDA:8,1,0,0
BRDA:8,1,1,1
BRDA:15,2,0,1
BRDA:15,2,1,1
BRF:6
BRH:4
end_of_record
TN:
SF:src\constants\app-constants.js
FNF:0
FNH:0
LF:0
LH:0
BRF:0
BRH:0
end_of_record
TN:
SF:src\controllers\auth.controller.js
FN:8,(anonymous_0)
FN:29,(anonymous_1)
FNF:2
FNH:0
FNDA:0,(anonymous_0)
FNDA:0,(anonymous_1)
DA:8,1
DA:9,0
DA:11,0
DA:12,0
DA:15,0
DA:16,0
DA:18,0
DA:29,1
DA:30,0
DA:32,0
DA:33,0
DA:36,0
DA:38,0
DA:39,0
DA:42,0
DA:44,0
DA:45,0
DA:48,0
DA:50,0
LF:19
LH:2
BRDA:11,0,0,0
BRDA:11,0,1,0
BRDA:11,1,0,0
BRDA:11,1,1,0
BRDA:11,1,2,0
BRDA:32,2,0,0
BRDA:32,2,1,0
BRDA:32,3,0,0
BRDA:32,3,1,0
BRDA:38,4,0,0
BRDA:38,4,1,0
BRDA:44,5,0,0
BRDA:44,5,1,0
BRF:13
BRH:0
end_of_record
TN:
SF:src\controllers\clientes.controller.js
FN:9,(anonymous_0)
FN:24,(anonymous_1)
FN:36,(anonymous_2)
FN:48,(anonymous_3)
FN:61,(anonymous_4)
FNF:5
FNH:5
FNDA:1,(anonymous_0)
FNDA:2,(anonymous_1)
FNDA:6,(anonymous_2)
FNDA:4,(anonymous_3)
FNDA:1,(anonymous_4)
DA:9,1
DA:10,1
DA:15,1
DA:17,1
DA:24,1
DA:25,2
DA:27,2
DA:28,1
DA:30,1
DA:36,1
DA:37,6
DA:39,6
DA:41,1
DA:48,1
DA:49,4
DA:50,4
DA:52,4
DA:54,1
DA:61,1
DA:62,1
DA:64,1
LF:21
LH:21
BRF:0
BRH:0
end_of_record
TN:
SF:src\controllers\proveedores.controller.js
FN:8,(anonymous_0)
FN:23,(anonymous_1)
FN:39,(anonymous_2)
FN:61,(anonymous_3)
FN:95,(anonymous_4)
FNF:5
FNH:0
FNDA:0,(anonymous_0)
FNDA:0,(anonymous_1)
FNDA:0,(anonymous_2)
FNDA:0,(anonymous_3)
FNDA:0,(anonymous_4)
DA:8,1
DA:9,0
DA:14,0
DA:16,0
DA:23,1
DA:24,0
DA:25,0
DA:27,0
DA:28,0
DA:31,0
DA:33,0
DA:39,1
DA:40,0
DA:42,0
DA:43,0
DA:46,0
DA:48,0
DA:49,0
DA:52,0
DA:54,0
DA:61,1
DA:62,0
DA:63,0
DA:65,0
DA:66,0
DA:69,0
DA:71,0
DA:72,0
DA:75,0
DA:77,0
DA:78,0
DA:81,0
DA:86,0
DA:88,0
DA:95,1
DA:96,0
DA:98,0
LF:37
LH:5
BRDA:27,0,0,0
BRDA:27,0,1,0
BRDA:42,1,0,0
BRDA:42,1,1,0
BRDA:48,2,0,0
BRDA:48,2,1,0
BRDA:65,3,0,0
BRDA:65,3,1,0
BRDA:71,4,0,0
BRDA:71,4,1,0
BRDA:77,5,0,0
BRDA:77,5,1,0
BRF:12
BRH:0
end_of_record
TN:
SF:src\db\connect.js
FN:3,(anonymous_0)
FNF:1
FNH:1
FNDA:1,(anonymous_0)
DA:3,1
DA:4,1
LF:2
LH:2
BRF:0
BRH:0
end_of_record
TN:
SF:src\errors\bad-request.js
FN:4,(anonymous_0)
FNF:1
FNH:1
FNDA:4,(anonymous_0)
DA:5,4
DA:6,4
LF:2
LH:2
BRF:0
BRH:0
end_of_record
TN:
SF:src\errors\index.js
FNF:0
FNH:0
LF:0
LH:0
BRF:0
BRH:0
end_of_record
TN:
SF:src\errors\not-found.js
FN:4,(anonymous_0)
FNF:1
FNH:1
FNDA:1,(anonymous_0)
DA:5,1
DA:6,1
LF:2
LH:2
BRF:0
BRH:0
end_of_record
TN:
SF:src\errors\unAuthenticated.js
FN:4,(anonymous_0)
FNF:1
FNH:0
FNDA:0,(anonymous_0)
DA:5,0
DA:6,0
LF:2
LH:0
BRF:0
BRH:0
end_of_record
TN:
SF:src\messages\clientes.message.js
FNF:0
FNH:0
LF:0
LH:0
BRF:0
BRH:0
end_of_record
TN:
SF:src\messages\proveedores.message.js
FNF:0
FNH:0
LF:0
LH:0
BRF:0
BRH:0
end_of_record
TN:
SF:src\messages\usuarios.message.js
FNF:0
FNH:0
LF:0
LH:0
BRF:0
BRH:0
end_of_record
TN:
SF:src\middlewares\error-handler.js
FN:4,(anonymous_0)
FN:12,(anonymous_1)
FNF:2
FNH:2
FNDA:9,(anonymous_0)
FNDA:4,(anonymous_1)
DA:4,1
DA:5,9
DA:10,9
DA:11,4
DA:12,4
DA:15,9
DA:16,0
DA:17,0
DA:20,9
DA:21,0
DA:25,9
LF:11
LH:8
BRDA:6,0,0,9
BRDA:6,0,1,4
BRDA:7,1,0,9
BRDA:7,1,1,0
BRDA:10,2,0,4
BRDA:10,2,1,5
BRDA:15,3,0,0
BRDA:15,3,1,9
BRDA:20,4,0,0
BRDA:20,4,1,9
BRDA:20,5,0,9
BRDA:20,5,1,0
BRF:12
BRH:8
end_of_record
TN:
SF:src\middlewares\index.js
FNF:0
FNH:0
LF:0
LH:0
BRF:0
BRH:0
end_of_record
TN:
SF:src\middlewares\isAuth.js
FN:5,(anonymous_0)
FNF:1
FNH:0
FNDA:0,(anonymous_0)
DA:5,1
DA:6,0
DA:8,0
DA:9,0
DA:12,0
DA:14,0
DA:15,0
DA:16,0
DA:17,0
DA:19,0
LF:10
LH:1
BRDA:8,0,0,0
BRDA:8,0,1,0
BRDA:8,1,0,0
BRDA:8,1,1,0
BRF:4
BRH:0
end_of_record
TN:
SF:src\middlewares\not-found.js
FN:3,(anonymous_0)
FNF:1
FNH:0
FNDA:0,(anonymous_0)
DA:3,1
LF:1
LH:1
BRF:0
BRH:0
end_of_record
TN:
SF:src\models\cliente.model.js
FNF:0
FNH:0
DA:4,1
LF:1
LH:1
BRF:0
BRH:0
end_of_record
TN:
SF:src\models\proveedor.model.js
FNF:0
FNH:0
DA:4,1
LF:1
LH:1
BRF:0
BRH:0
end_of_record
TN:
SF:src\models\usuario.model.js
FN:38,(anonymous_0)
FN:43,(anonymous_1)
FN:47,(anonymous_2)
FNF:3
FNH:0
FNDA:0,(anonymous_0)
FNDA:0,(anonymous_1)
FNDA:0,(anonymous_2)
DA:7,1
DA:38,1
DA:39,0
DA:40,0
DA:43,1
DA:44,0
DA:47,1
DA:48,0
DA:49,0
LF:9
LH:4
BRF:0
BRH:0
end_of_record
TN:
SF:src\routes\auth.routes.js
FNF:0
FNH:0
DA:4,1
DA:6,1
DA:7,1
LF:3
LH:3
BRF:0
BRH:0
end_of_record
TN:
SF:src\routes\clientes.routes.js
FNF:0
FNH:0
DA:5,1
DA:7,1
DA:8,1
DA:9,1
DA:10,1
DA:11,1
LF:6
LH:6
BRF:0
BRH:0
end_of_record
TN:
SF:src\routes\proveedores.routes.js
FNF:0
FNH:0
DA:5,1
DA:7,1
DA:8,1
DA:9,1
DA:10,1
DA:11,1
LF:6
LH:6
BRF:0
BRH:0
end_of_record
TN:
SF:src\services\clientes.service.js
FN:6,(anonymous_0)
FN:16,(anonymous_1)
FN:32,(anonymous_2)
FN:58,(anonymous_3)
FNF:4
FNH:4
FNDA:2,(anonymous_0)
FNDA:6,(anonymous_1)
FNDA:4,(anonymous_2)
FNDA:1,(anonymous_3)
DA:6,1
DA:7,2
DA:9,2
DA:10,1
DA:13,1
DA:16,1
DA:17,6
DA:18,1
DA:21,5
DA:23,5
DA:24,2
DA:27,3
DA:29,1
DA:32,1
DA:33,4
DA:34,1
DA:37,3
DA:39,3
DA:40,0
DA:43,3
DA:45,3
DA:46,0
DA:49,3
DA:54,1
DA:55,1
DA:58,1
DA:59,1
DA:60,1
LF:28
LH:26
BRDA:9,0,0,1
BRDA:9,0,1,1
BRDA:17,1,0,1
BRDA:17,1,1,5
BRDA:23,2,0,2
BRDA:23,2,1,3
BRDA:33,3,0,1
BRDA:33,3,1,3
BRDA:39,4,0,0
BRDA:39,4,1,3
BRDA:45,5,0,0
BRDA:45,5,1,3
BRF:12
BRH:10
end_of_record
TN:
SF:src\utils\Features.js
FN:2,(anonymous_0)
FN:7,(anonymous_1)
FN:10,(anonymous_2)
FN:13,(anonymous_3)
FN:20,(anonymous_4)
FN:31,(anonymous_5)
FN:42,(anonymous_6)
FNF:7
FNH:5
FNDA:1,(anonymous_0)
FNDA:1,(anonymous_1)
FNDA:4,(anonymous_2)
FNDA:0,(anonymous_3)
FNDA:1,(anonymous_4)
FNDA:0,(anonymous_5)
FNDA:1,(anonymous_6)
DA:3,1
DA:4,1
DA:8,1
DA:9,1
DA:10,4
DA:12,1
DA:13,1
DA:15,1
DA:17,1
DA:21,1
DA:22,0
DA:23,0
DA:25,1
DA:28,1
DA:32,0
DA:33,0
DA:34,0
DA:36,0
DA:39,0
DA:43,1
DA:44,1
DA:45,1
DA:46,1
DA:48,1
LF:24
LH:17
BRDA:21,0,0,0
BRDA:21,0,1,1
BRDA:32,1,0,0
BRDA:32,1,1,0
BRDA:43,2,0,1
BRDA:43,2,1,1
BRDA:44,3,0,1
BRDA:44,3,1,1
BRF:8
BRH:5
end_of_record
